[debug] [2017-11-04T01:43:31.618Z] ----------------------------------------------------------------------
[debug] [2017-11-04T01:43:31.618Z] Command:       C:\Program Files\nodejs\node.exe C:\Users\Casey\AppData\Roaming\npm\node_modules\firebase-tools\bin\firebase serve
[debug] [2017-11-04T01:43:31.618Z] CLI Version:   3.14.0
[debug] [2017-11-04T01:43:31.618Z] Platform:      win32
[debug] [2017-11-04T01:43:31.618Z] Node Version:  v8.9.0
[debug] [2017-11-04T01:43:31.618Z] Time:          Fri Nov 03 2017 20:43:31 GMT-0500 (Central Daylight Time)
[debug] [2017-11-04T01:43:31.618Z] ----------------------------------------------------------------------
[debug] 
[debug] [2017-11-04T01:43:31.634Z] > command requires scopes: ["email","openid","https://www.googleapis.com/auth/cloudplatformprojects.readonly","https://www.googleapis.com/auth/firebase","https://www.googleapis.com/auth/cloud-platform"]
[debug] [2017-11-04T01:43:31.634Z] > authorizing via signed-in user
[debug] [2017-11-04T01:43:31.634Z] > refreshing access token with scopes: ["email","https://www.googleapis.com/auth/cloud-platform","https://www.googleapis.com/auth/cloudplatformprojects.readonly","https://www.googleapis.com/auth/firebase","openid"]
[debug] [2017-11-04T01:43:31.634Z] >>> HTTP REQUEST POST https://www.googleapis.com/oauth2/v3/token { refresh_token: '1/W9_8FwMr7Mv3ZlWrBcnWQDk0BoxCUz1tLmelsCi-jm0phNywMKSXcqvzmg8vvpDg',
  client_id: '563584335869-fgrhgmd47bqnekij5i8b5pr03ho849e6.apps.googleusercontent.com',
  client_secret: 'j9iVZfS8kkCEFUPaAeJV0sAi',
  grant_type: 'refresh_token',
  scope: 'email https://www.googleapis.com/auth/cloud-platform https://www.googleapis.com/auth/cloudplatformprojects.readonly https://www.googleapis.com/auth/firebase openid' } 
 Fri Nov 03 2017 20:43:31 GMT-0500 (Central Daylight Time)
[debug] [2017-11-04T01:43:31.859Z] <<< HTTP RESPONSE 200
[debug] [2017-11-04T01:43:31.875Z] >>> HTTP REQUEST GET https://admin.firebase.com/v1/projects/savvy-student-showcase-d596a  
 Fri Nov 03 2017 20:43:31 GMT-0500 (Central Daylight Time)
[debug] [2017-11-04T01:43:32.178Z] <<< HTTP RESPONSE 200
[debug] [2017-11-04T01:43:32.178Z] >>> HTTP REQUEST GET https://admin.firebase.com/v1/database/savvy-student-showcase-d596a/tokens  
 Fri Nov 03 2017 20:43:32 GMT-0500 (Central Daylight Time)
[debug] [2017-11-04T01:43:33.826Z] <<< HTTP RESPONSE 200
[info] 
[info] === Serving from 'C:\Users\Casey\Desktop\SavvyCoders\student-showcase'...
[info] 
[debug] [2017-11-04T01:43:33.826Z] >>> HTTP REQUEST GET https://cloudresourcemanager.googleapis.com/v1/projects/savvy-student-showcase-d596a  
 Fri Nov 03 2017 20:43:33 GMT-0500 (Central Daylight Time)
[debug] [2017-11-04T01:43:34.107Z] <<< HTTP RESPONSE 200
[debug] [2017-11-04T01:43:34.107Z] >>> HTTP REQUEST GET https://mobilesdk-pa.googleapis.com/v1/projects/605818238478/clients/_:getWebAppConfig  
 Fri Nov 03 2017 20:43:34 GMT-0500 (Central Daylight Time)
[debug] [2017-11-04T01:43:34.419Z] <<< HTTP RESPONSE 200
[info] i  hosting: Serving hosting files from: public
[info] +  hosting: Local server: http://localhost:5000

